<?xml version="1.0" encoding="UTF-8"?>
<!-- Generated by org.testng.reporters.JUnitReportReporter -->
<testsuite hostname="DKP-MAIN-PECEROS" failures="0" tests="1" name="com.magento.AppTestRun" time="33.688" errors="0" timestamp="10 May 2023 21:08:00 GMT" skipped="0">
  <testcase classname="com.magento.AppTestRun" name="runScenario" time="33.688"/>
</testsuite> <!-- com.magento.AppTestRun -->
